#-----------------------------------------------------------
# Vivado v2017.4 (64-bit)
# SW Build 2086221 on Fri Dec 15 20:55:39 MST 2017
# IP Build 2085800 on Fri Dec 15 22:25:07 MST 2017
# Start of session at: Wed Jun 19 16:05:46 2019
# Process ID: 17256
# Current directory: C:/Users/wen/Desktop/graduation_project/fjw/5_vga
# Command line: vivado.exe -gui_launcher_event rodinguilauncherevent12344 C:\Users\wen\Desktop\graduation_project\fjw\5_vga\greedy_snake.xpr
# Log file: C:/Users/wen/Desktop/graduation_project/fjw/5_vga/vivado.log
# Journal file: C:/Users/wen/Desktop/graduation_project/fjw/5_vga\vivado.jou
#-----------------------------------------------------------
start_gui
open_project C:/Users/wen/Desktop/graduation_project/fjw/5_vga/greedy_snake.xpr
Scanning sources...
Finished scanning sources
INFO: [IP_Flow 19-234] Refreshing IP repositories
INFO: [IP_Flow 19-1704] No user IP repositories specified
INFO: [IP_Flow 19-2313] Loaded Vivado IP repository 'E:/software/vivado/Vivado/2017.4/data/ip'.
open_project: Time (s): cpu = 00:00:11 ; elapsed = 00:00:07 . Memory (MB): peak = 833.105 ; gain = 189.805
update_compile_order -fileset sources_1
reset_run synth_1
launch_runs impl_1 -to_step write_bitstream -jobs 3
INFO: [Vivado 12-4149] The synthesis checkpoint for IP 'C:/Users/wen/Desktop/graduation_project/fjw/5_vga/greedy_snake.srcs/sources_1/ip/pll_clk/pll_clk.xci' is already up-to-date
[Wed Jun 19 16:07:47 2019] Launched synth_1...
Run output will be captured here: C:/Users/wen/Desktop/graduation_project/fjw/5_vga/greedy_snake.runs/synth_1/runme.log
[Wed Jun 19 16:07:47 2019] Launched impl_1...
Run output will be captured here: C:/Users/wen/Desktop/graduation_project/fjw/5_vga/greedy_snake.runs/impl_1/runme.log
add_files -norecurse C:/Users/wen/Desktop/graduation_project/fjw/5_vga/greedy_snake.srcs/sources_1/new/seg.v
update_compile_order -fileset sources_1
reset_run synth_1
launch_runs impl_1 -to_step write_bitstream -jobs 3
INFO: [Vivado 12-4149] The synthesis checkpoint for IP 'C:/Users/wen/Desktop/graduation_project/fjw/5_vga/greedy_snake.srcs/sources_1/ip/pll_clk/pll_clk.xci' is already up-to-date
[Wed Jun 19 16:10:13 2019] Launched synth_1...
Run output will be captured here: C:/Users/wen/Desktop/graduation_project/fjw/5_vga/greedy_snake.runs/synth_1/runme.log
[Wed Jun 19 16:10:13 2019] Launched impl_1...
Run output will be captured here: C:/Users/wen/Desktop/graduation_project/fjw/5_vga/greedy_snake.runs/impl_1/runme.log
open_hw
connect_hw_server
INFO: [Labtools 27-2285] Connecting to hw_server url TCP:localhost:3121
open_hw_target
INFO: [Labtoolstcl 44-466] Opening hw_target localhost:3121/xilinx_tcf/Xilinx/1234-tulA
set_property PROGRAM.FILE {C:/Users/wen/Desktop/graduation_project/fjw/5_vga/greedy_snake.runs/impl_1/top.bit} [get_hw_devices xc7a35t_0]
current_hw_device [get_hw_devices xc7a35t_0]
refresh_hw_device -update_hw_probes false [lindex [get_hw_devices xc7a35t_0] 0]
INFO: [Labtools 27-1434] Device xc7a35t (JTAG device index = 0) is programmed with a design that has no supported debug core(s) in it.
WARNING: [Labtools 27-3361] The debug hub core was not detected.
Resolution: 
1. Make sure the clock connected to the debug hub (dbg_hub) core is a free running clock and is active.
2. Make sure the BSCAN_SWITCH_USER_MASK device property in Vivado Hardware Manager reflects the user scan chain setting in the design and refresh the device.  To determine the user scan chain setting in the design, open the implemented design and use 'get_property C_USER_SCAN_CHAIN [get_debug_cores dbg_hub]'.
For more details on setting the scan chain property, consult the Vivado Debug and Programming User Guide (UG908).
set_property PROBES.FILE {} [get_hw_devices xc7a35t_0]
set_property FULL_PROBES.FILE {} [get_hw_devices xc7a35t_0]
set_property PROGRAM.FILE {C:/Users/wen/Desktop/graduation_project/fjw/5_vga/greedy_snake.runs/impl_1/top.bit} [get_hw_devices xc7a35t_0]
program_hw_devices [get_hw_devices xc7a35t_0]
INFO: [Labtools 27-3164] End of startup status: HIGH
refresh_hw_device [lindex [get_hw_devices xc7a35t_0] 0]
INFO: [Labtools 27-1434] Device xc7a35t (JTAG device index = 0) is programmed with a design that has no supported debug core(s) in it.
WARNING: [Labtools 27-3361] The debug hub core was not detected.
Resolution: 
1. Make sure the clock connected to the debug hub (dbg_hub) core is a free running clock and is active.
2. Make sure the BSCAN_SWITCH_USER_MASK device property in Vivado Hardware Manager reflects the user scan chain setting in the design and refresh the device.  To determine the user scan chain setting in the design, open the implemented design and use 'get_property C_USER_SCAN_CHAIN [get_debug_cores dbg_hub]'.
For more details on setting the scan chain property, consult the Vivado Debug and Programming User Guide (UG908).
close_hw
set_property -dict [list CONFIG.CLKOUT1_REQUESTED_OUT_FREQ {25.175} CONFIG.MMCM_DIVCLK_DIVIDE {3} CONFIG.MMCM_CLKFBOUT_MULT_F {37} CONFIG.MMCM_CLKOUT0_DIVIDE_F {49} CONFIG.CLKOUT1_JITTER {199.839} CONFIG.CLKOUT1_PHASE_ERROR {173.631}] [get_ips pll_clk]
generate_target all [get_files  C:/Users/wen/Desktop/graduation_project/fjw/5_vga/greedy_snake.srcs/sources_1/ip/pll_clk/pll_clk.xci]
INFO: [IP_Flow 19-1686] Generating 'Instantiation Template' target for IP 'pll_clk'...
INFO: [IP_Flow 19-1686] Generating 'Synthesis' target for IP 'pll_clk'...
INFO: [IP_Flow 19-1686] Generating 'Simulation' target for IP 'pll_clk'...
INFO: [IP_Flow 19-1686] Generating 'Implementation' target for IP 'pll_clk'...
INFO: [IP_Flow 19-1686] Generating 'Change Log' target for IP 'pll_clk'...
catch { config_ip_cache -export [get_ips -all pll_clk] }
export_ip_user_files -of_objects [get_files C:/Users/wen/Desktop/graduation_project/fjw/5_vga/greedy_snake.srcs/sources_1/ip/pll_clk/pll_clk.xci] -no_script -sync -force -quiet
create_ip_run [get_files -of_objects [get_fileset sources_1] C:/Users/wen/Desktop/graduation_project/fjw/5_vga/greedy_snake.srcs/sources_1/ip/pll_clk/pll_clk.xci]
launch_runs -jobs 3 pll_clk_synth_1
[Wed Jun 19 16:15:39 2019] Launched pll_clk_synth_1...
Run output will be captured here: C:/Users/wen/Desktop/graduation_project/fjw/5_vga/greedy_snake.runs/pll_clk_synth_1/runme.log
export_simulation -of_objects [get_files C:/Users/wen/Desktop/graduation_project/fjw/5_vga/greedy_snake.srcs/sources_1/ip/pll_clk/pll_clk.xci] -directory C:/Users/wen/Desktop/graduation_project/fjw/5_vga/greedy_snake.ip_user_files/sim_scripts -ip_user_files_dir C:/Users/wen/Desktop/graduation_project/fjw/5_vga/greedy_snake.ip_user_files -ipstatic_source_dir C:/Users/wen/Desktop/graduation_project/fjw/5_vga/greedy_snake.ip_user_files/ipstatic -lib_map_path [list {modelsim=C:/Users/wen/Desktop/graduation_project/fjw/5_vga/greedy_snake.cache/compile_simlib/modelsim} {questa=C:/Users/wen/Desktop/graduation_project/fjw/5_vga/greedy_snake.cache/compile_simlib/questa} {riviera=C:/Users/wen/Desktop/graduation_project/fjw/5_vga/greedy_snake.cache/compile_simlib/riviera} {activehdl=C:/Users/wen/Desktop/graduation_project/fjw/5_vga/greedy_snake.cache/compile_simlib/activehdl}] -use_ip_compiled_libs -force -quiet
reset_run synth_1
WARNING: [Vivado 12-1017] Problems encountered:
1. Failed to delete one or more files in run directory C:/Users/wen/Desktop/graduation_project/fjw/5_vga/greedy_snake.runs/synth_1

launch_runs impl_1 -to_step write_bitstream -jobs 3
[Wed Jun 19 16:16:07 2019] Launched pll_clk_synth_1, synth_1...
Run output will be captured here:
pll_clk_synth_1: C:/Users/wen/Desktop/graduation_project/fjw/5_vga/greedy_snake.runs/pll_clk_synth_1/runme.log
synth_1: C:/Users/wen/Desktop/graduation_project/fjw/5_vga/greedy_snake.runs/synth_1/runme.log
[Wed Jun 19 16:16:07 2019] Launched impl_1...
Run output will be captured here: C:/Users/wen/Desktop/graduation_project/fjw/5_vga/greedy_snake.runs/impl_1/runme.log
open_hw
connect_hw_server
INFO: [Labtools 27-2285] Connecting to hw_server url TCP:localhost:3121
open_hw_target
INFO: [Labtoolstcl 44-466] Opening hw_target localhost:3121/xilinx_tcf/Xilinx/1234-tulA
set_property PROGRAM.FILE {C:/Users/wen/Desktop/graduation_project/fjw/5_vga/greedy_snake.runs/impl_1/top.bit} [get_hw_devices xc7a35t_0]
current_hw_device [get_hw_devices xc7a35t_0]
refresh_hw_device -update_hw_probes false [lindex [get_hw_devices xc7a35t_0] 0]
INFO: [Labtools 27-1434] Device xc7a35t (JTAG device index = 0) is programmed with a design that has no supported debug core(s) in it.
WARNING: [Labtools 27-3361] The debug hub core was not detected.
Resolution: 
1. Make sure the clock connected to the debug hub (dbg_hub) core is a free running clock and is active.
2. Make sure the BSCAN_SWITCH_USER_MASK device property in Vivado Hardware Manager reflects the user scan chain setting in the design and refresh the device.  To determine the user scan chain setting in the design, open the implemented design and use 'get_property C_USER_SCAN_CHAIN [get_debug_cores dbg_hub]'.
For more details on setting the scan chain property, consult the Vivado Debug and Programming User Guide (UG908).
set_property PROBES.FILE {} [get_hw_devices xc7a35t_0]
set_property FULL_PROBES.FILE {} [get_hw_devices xc7a35t_0]
set_property PROGRAM.FILE {C:/Users/wen/Desktop/graduation_project/fjw/5_vga/greedy_snake.runs/impl_1/top.bit} [get_hw_devices xc7a35t_0]
program_hw_devices [get_hw_devices xc7a35t_0]
INFO: [Labtools 27-3164] End of startup status: HIGH
refresh_hw_device [lindex [get_hw_devices xc7a35t_0] 0]
INFO: [Labtools 27-1434] Device xc7a35t (JTAG device index = 0) is programmed with a design that has no supported debug core(s) in it.
WARNING: [Labtools 27-3361] The debug hub core was not detected.
Resolution: 
1. Make sure the clock connected to the debug hub (dbg_hub) core is a free running clock and is active.
2. Make sure the BSCAN_SWITCH_USER_MASK device property in Vivado Hardware Manager reflects the user scan chain setting in the design and refresh the device.  To determine the user scan chain setting in the design, open the implemented design and use 'get_property C_USER_SCAN_CHAIN [get_debug_cores dbg_hub]'.
For more details on setting the scan chain property, consult the Vivado Debug and Programming User Guide (UG908).
close_hw
set_property -dict [list CONFIG.CLKOUT1_REQUESTED_OUT_FREQ {25.000} CONFIG.MMCM_DIVCLK_DIVIDE {4} CONFIG.MMCM_CLKFBOUT_MULT_F {33} CONFIG.MMCM_CLKOUT0_DIVIDE_F {33} CONFIG.CLKOUT1_JITTER {352.369} CONFIG.CLKOUT1_PHASE_ERROR {261.747}] [get_ips pll_clk]
generate_target all [get_files  C:/Users/wen/Desktop/graduation_project/fjw/5_vga/greedy_snake.srcs/sources_1/ip/pll_clk/pll_clk.xci]
INFO: [IP_Flow 19-1686] Generating 'Instantiation Template' target for IP 'pll_clk'...
INFO: [IP_Flow 19-1686] Generating 'Synthesis' target for IP 'pll_clk'...
INFO: [IP_Flow 19-1686] Generating 'Simulation' target for IP 'pll_clk'...
INFO: [IP_Flow 19-1686] Generating 'Implementation' target for IP 'pll_clk'...
INFO: [IP_Flow 19-1686] Generating 'Change Log' target for IP 'pll_clk'...
catch { config_ip_cache -export [get_ips -all pll_clk] }
INFO: [IP_Flow 19-4993] Using cached IP synthesis design for IP pll_clk, cache-ID = a21837f6c94b2141; cache size = 6.255 MB.
catch { [ delete_ip_run [get_ips -all pll_clk] ] }
INFO: [Project 1-386] Moving file 'C:/Users/wen/Desktop/graduation_project/fjw/5_vga/greedy_snake.srcs/sources_1/ip/pll_clk/pll_clk.xci' from fileset 'pll_clk' to fileset 'sources_1'.
export_ip_user_files -of_objects [get_files C:/Users/wen/Desktop/graduation_project/fjw/5_vga/greedy_snake.srcs/sources_1/ip/pll_clk/pll_clk.xci] -no_script -sync -force -quiet
create_ip_run [get_files -of_objects [get_fileset sources_1] C:/Users/wen/Desktop/graduation_project/fjw/5_vga/greedy_snake.srcs/sources_1/ip/pll_clk/pll_clk.xci]
INFO: [Vivado 12-3453] The given sub-design is up-to-date, no action was taken.  If a run is still desired, use the '-force' option for the file:'C:/Users/wen/Desktop/graduation_project/fjw/5_vga/greedy_snake.srcs/sources_1/ip/pll_clk/pll_clk.xci'
export_simulation -of_objects [get_files C:/Users/wen/Desktop/graduation_project/fjw/5_vga/greedy_snake.srcs/sources_1/ip/pll_clk/pll_clk.xci] -directory C:/Users/wen/Desktop/graduation_project/fjw/5_vga/greedy_snake.ip_user_files/sim_scripts -ip_user_files_dir C:/Users/wen/Desktop/graduation_project/fjw/5_vga/greedy_snake.ip_user_files -ipstatic_source_dir C:/Users/wen/Desktop/graduation_project/fjw/5_vga/greedy_snake.ip_user_files/ipstatic -lib_map_path [list {modelsim=C:/Users/wen/Desktop/graduation_project/fjw/5_vga/greedy_snake.cache/compile_simlib/modelsim} {questa=C:/Users/wen/Desktop/graduation_project/fjw/5_vga/greedy_snake.cache/compile_simlib/questa} {riviera=C:/Users/wen/Desktop/graduation_project/fjw/5_vga/greedy_snake.cache/compile_simlib/riviera} {activehdl=C:/Users/wen/Desktop/graduation_project/fjw/5_vga/greedy_snake.cache/compile_simlib/activehdl}] -use_ip_compiled_libs -force -quiet
update_compile_order -fileset sources_1
reset_run synth_1
launch_runs impl_1 -to_step write_bitstream -jobs 3
INFO: [Vivado 12-4149] The synthesis checkpoint for IP 'C:/Users/wen/Desktop/graduation_project/fjw/5_vga/greedy_snake.srcs/sources_1/ip/pll_clk/pll_clk.xci' is already up-to-date
[Wed Jun 19 16:27:33 2019] Launched synth_1...
Run output will be captured here: C:/Users/wen/Desktop/graduation_project/fjw/5_vga/greedy_snake.runs/synth_1/runme.log
[Wed Jun 19 16:27:33 2019] Launched impl_1...
Run output will be captured here: C:/Users/wen/Desktop/graduation_project/fjw/5_vga/greedy_snake.runs/impl_1/runme.log
open_hw
connect_hw_server
INFO: [Labtools 27-2285] Connecting to hw_server url TCP:localhost:3121
open_hw_target
INFO: [Labtoolstcl 44-466] Opening hw_target localhost:3121/xilinx_tcf/Xilinx/1234-tulA
set_property PROGRAM.FILE {C:/Users/wen/Desktop/graduation_project/fjw/5_vga/greedy_snake.runs/impl_1/top.bit} [get_hw_devices xc7a35t_0]
current_hw_device [get_hw_devices xc7a35t_0]
refresh_hw_device -update_hw_probes false [lindex [get_hw_devices xc7a35t_0] 0]
INFO: [Labtools 27-1434] Device xc7a35t (JTAG device index = 0) is programmed with a design that has no supported debug core(s) in it.
WARNING: [Labtools 27-3361] The debug hub core was not detected.
Resolution: 
1. Make sure the clock connected to the debug hub (dbg_hub) core is a free running clock and is active.
2. Make sure the BSCAN_SWITCH_USER_MASK device property in Vivado Hardware Manager reflects the user scan chain setting in the design and refresh the device.  To determine the user scan chain setting in the design, open the implemented design and use 'get_property C_USER_SCAN_CHAIN [get_debug_cores dbg_hub]'.
For more details on setting the scan chain property, consult the Vivado Debug and Programming User Guide (UG908).
set_property PROBES.FILE {} [get_hw_devices xc7a35t_0]
set_property FULL_PROBES.FILE {} [get_hw_devices xc7a35t_0]
set_property PROGRAM.FILE {C:/Users/wen/Desktop/graduation_project/fjw/5_vga/greedy_snake.runs/impl_1/top.bit} [get_hw_devices xc7a35t_0]
program_hw_devices [get_hw_devices xc7a35t_0]
INFO: [Labtools 27-3164] End of startup status: HIGH
refresh_hw_device [lindex [get_hw_devices xc7a35t_0] 0]
INFO: [Labtools 27-1434] Device xc7a35t (JTAG device index = 0) is programmed with a design that has no supported debug core(s) in it.
WARNING: [Labtools 27-3361] The debug hub core was not detected.
Resolution: 
1. Make sure the clock connected to the debug hub (dbg_hub) core is a free running clock and is active.
2. Make sure the BSCAN_SWITCH_USER_MASK device property in Vivado Hardware Manager reflects the user scan chain setting in the design and refresh the device.  To determine the user scan chain setting in the design, open the implemented design and use 'get_property C_USER_SCAN_CHAIN [get_debug_cores dbg_hub]'.
For more details on setting the scan chain property, consult the Vivado Debug and Programming User Guide (UG908).
exit
INFO: [Common 17-206] Exiting Vivado at Wed Jun 19 16:32:19 2019...
