#-----------------------------------------------------------
# Vivado v2018.3 (64-bit)
# SW Build 2405991 on Thu Dec  6 23:38:27 MST 2018
# IP Build 2404404 on Fri Dec  7 01:43:56 MST 2018
# Start of session at: Tue Jul 28 01:06:26 2020
# Process ID: 15048
# Current directory: C:/Users/Administrator/Desktop/xilinx_snake_EGO1/5_vga
# Command line: vivado.exe -gui_launcher_event rodinguilauncherevent11932 C:\Users\Administrator\Desktop\xilinx_snake_EGO1\5_vga\greedy_snake.xpr
# Log file: C:/Users/Administrator/Desktop/xilinx_snake_EGO1/5_vga/vivado.log
# Journal file: C:/Users/Administrator/Desktop/xilinx_snake_EGO1/5_vga\vivado.jou
#-----------------------------------------------------------
start_gui
open_project C:/Users/Administrator/Desktop/xilinx_snake_EGO1/5_vga/greedy_snake.xpr
Scanning sources...
Finished scanning sources
INFO: [IP_Flow 19-234] Refreshing IP repositories
INFO: [IP_Flow 19-1704] No user IP repositories specified
INFO: [IP_Flow 19-2313] Loaded Vivado IP repository 'E:/Xilinx/Vivado/2018.3/data/ip'.
WARNING: [IP_Flow 19-2162] IP 'pll_clk' is locked:
* IP definition 'Clocking Wizard (5.4)' for IP 'pll_clk' (customized with software release 2017.4) has a newer major version in the IP Catalog.
* The IP Data in the repository is incompatible with the current instance (despite having identical Version and Revision). You will need to upgrade the IP before viewing the customization and generating outputs.
Please select 'Report IP Status' from the 'Tools/Report' menu or run Tcl command 'report_ip_status' for more information.
WARNING: [IP_Flow 19-2162] IP 'rom_start' is locked:
* IP definition 'Block Memory Generator (8.4)' for IP 'rom_start' (customized with software release 2017.4) has a different revision in the IP Catalog.
Please select 'Report IP Status' from the 'Tools/Report' menu or run Tcl command 'report_ip_status' for more information.
WARNING: [IP_Flow 19-2162] IP 'rom_end' is locked:
* IP definition 'Block Memory Generator (8.4)' for IP 'rom_end' (customized with software release 2017.4) has a different revision in the IP Catalog.
Please select 'Report IP Status' from the 'Tools/Report' menu or run Tcl command 'report_ip_status' for more information.
WARNING: [IP_Flow 19-2162] IP 'rom_speed' is locked:
* IP definition 'Block Memory Generator (8.4)' for IP 'rom_speed' (customized with software release 2017.4) has a different revision in the IP Catalog.
Please select 'Report IP Status' from the 'Tools/Report' menu or run Tcl command 'report_ip_status' for more information.
open_project: Time (s): cpu = 00:00:18 ; elapsed = 00:00:08 . Memory (MB): peak = 722.258 ; gain = 86.297
update_compile_order -fileset sources_1
reset_run synth_1
launch_runs synth_1 -jobs 4
INFO: [Vivado 12-4149] The synthesis checkpoint for IP 'C:/Users/Administrator/Desktop/xilinx_snake_EGO1/5_vga/greedy_snake.srcs/sources_1/ip/pll_clk/pll_clk.xci' is already up-to-date
[Tue Jul 28 01:07:07 2020] Launched synth_1...
Run output will be captured here: C:/Users/Administrator/Desktop/xilinx_snake_EGO1/5_vga/greedy_snake.runs/synth_1/runme.log
launch_runs impl_1 -jobs 4
INFO: [Vivado 12-4149] The synthesis checkpoint for IP 'C:/Users/Administrator/Desktop/xilinx_snake_EGO1/5_vga/greedy_snake.srcs/sources_1/ip/pll_clk/pll_clk.xci' is already up-to-date
[Tue Jul 28 01:09:19 2020] Launched impl_1...
Run output will be captured here: C:/Users/Administrator/Desktop/xilinx_snake_EGO1/5_vga/greedy_snake.runs/impl_1/runme.log
launch_runs impl_1 -to_step write_bitstream -jobs 4
INFO: [Vivado 12-4149] The synthesis checkpoint for IP 'C:/Users/Administrator/Desktop/xilinx_snake_EGO1/5_vga/greedy_snake.srcs/sources_1/ip/pll_clk/pll_clk.xci' is already up-to-date
[Tue Jul 28 01:11:41 2020] Launched impl_1...
Run output will be captured here: C:/Users/Administrator/Desktop/xilinx_snake_EGO1/5_vga/greedy_snake.runs/impl_1/runme.log
open_hw
connect_hw_server
INFO: [Labtools 27-2285] Connecting to hw_server url TCP:localhost:3121
INFO: [Labtools 27-2222] Launching hw_server...
INFO: [Labtools 27-2221] Launch Output:

****** Xilinx hw_server v2018.3
  **** Build date : Dec  7 2018-00:40:27
    ** Copyright 1986-2018 Xilinx, Inc. All Rights Reserved.


disconnect_hw_server localhost:3121
connect_hw_server
INFO: [Labtools 27-2285] Connecting to hw_server url TCP:localhost:3121
disconnect_hw_server localhost:3121
connect_hw_server
INFO: [Labtools 27-2285] Connecting to hw_server url TCP:localhost:3121
disconnect_hw_server localhost:3121
connect_hw_server
INFO: [Labtools 27-2285] Connecting to hw_server url TCP:localhost:3121
disconnect_hw_server localhost:3121
connect_hw_server
INFO: [Labtools 27-2285] Connecting to hw_server url TCP:localhost:3121
disconnect_hw_server localhost:3121
connect_hw_server
INFO: [Labtools 27-2285] Connecting to hw_server url TCP:localhost:3121
disconnect_hw_server localhost:3121
connect_hw_server
INFO: [Labtools 27-2285] Connecting to hw_server url TCP:localhost:3121
INFO: [Labtools 27-2222] Launching hw_server...
INFO: [Labtools 27-2221] Launch Output:

****** Xilinx hw_server v2018.3
  **** Build date : Dec  7 2018-00:40:27
    ** Copyright 1986-2018 Xilinx, Inc. All Rights Reserved.


ERROR: [Labtoolstcl 44-494] There is no active target available for server at localhost.
 Targets(s) ", jsn1" may be locked by another hw_server.
disconnect_hw_server localhost:3121
connect_hw_server
INFO: [Labtools 27-2285] Connecting to hw_server url TCP:localhost:3121
open_hw_target
INFO: [Labtoolstcl 44-466] Opening hw_target localhost:3121/xilinx_tcf/Xilinx/Port_#0010.Hub_#0001
set_property PROGRAM.FILE {C:/Users/Administrator/Desktop/xilinx_snake_EGO1/5_vga/greedy_snake.runs/impl_1/top.bit} [get_hw_devices xc7a35t_0]
current_hw_device [get_hw_devices xc7a35t_0]
refresh_hw_device -update_hw_probes false [lindex [get_hw_devices xc7a35t_0] 0]
INFO: [Labtools 27-1434] Device xc7a35t (JTAG device index = 0) is programmed with a design that has no supported debug core(s) in it.
set_property PROBES.FILE {} [get_hw_devices xc7a35t_0]
set_property FULL_PROBES.FILE {} [get_hw_devices xc7a35t_0]
set_property PROGRAM.FILE {C:/Users/Administrator/Desktop/xilinx_snake_EGO1/5_vga/greedy_snake.runs/impl_1/top.bit} [get_hw_devices xc7a35t_0]
program_hw_devices [get_hw_devices xc7a35t_0]
INFO: [Labtools 27-3164] End of startup status: HIGH
refresh_hw_device [lindex [get_hw_devices xc7a35t_0] 0]
INFO: [Labtools 27-1434] Device xc7a35t (JTAG device index = 0) is programmed with a design that has no supported debug core(s) in it.
exit
INFO: [Common 17-206] Exiting Vivado at Tue Jul 28 01:18:53 2020...
