#-----------------------------------------------------------
# Vivado v2018.3 (64-bit)
# SW Build 2405991 on Thu Dec  6 23:38:27 MST 2018
# IP Build 2404404 on Fri Dec  7 01:43:56 MST 2018
# Start of session at: Fri Jul 31 18:10:21 2020
# Process ID: 14592
# Current directory: C:/Users/Administrator/Desktop/xilinx_snake_EGO1/5_vga
# Command line: vivado.exe -gui_launcher_event rodinguilauncherevent7504 C:\Users\Administrator\Desktop\xilinx_snake_EGO1\5_vga\greedy_snake.xpr
# Log file: C:/Users/Administrator/Desktop/xilinx_snake_EGO1/5_vga/vivado.log
# Journal file: C:/Users/Administrator/Desktop/xilinx_snake_EGO1/5_vga\vivado.jou
#-----------------------------------------------------------
start_gui
open_project C:/Users/Administrator/Desktop/xilinx_snake_EGO1/5_vga/greedy_snake.xpr
Scanning sources...
Finished scanning sources
INFO: [IP_Flow 19-234] Refreshing IP repositories
INFO: [IP_Flow 19-1704] No user IP repositories specified
INFO: [IP_Flow 19-2313] Loaded Vivado IP repository 'E:/Xilinx/Vivado/2018.3/data/ip'.
WARNING: [IP_Flow 19-2162] IP 'pll_clk' is locked:
* IP definition 'Clocking Wizard (5.4)' for IP 'pll_clk' (customized with software release 2017.4) has a newer major version in the IP Catalog.
* The IP Data in the repository is incompatible with the current instance (despite having identical Version and Revision). You will need to upgrade the IP before viewing the customization and generating outputs.
Please select 'Report IP Status' from the 'Tools/Report' menu or run Tcl command 'report_ip_status' for more information.
WARNING: [IP_Flow 19-2162] IP 'rom_start' is locked:
* IP definition 'Block Memory Generator (8.4)' for IP 'rom_start' (customized with software release 2017.4) has a different revision in the IP Catalog.
Please select 'Report IP Status' from the 'Tools/Report' menu or run Tcl command 'report_ip_status' for more information.
WARNING: [IP_Flow 19-2162] IP 'rom_end' is locked:
* IP definition 'Block Memory Generator (8.4)' for IP 'rom_end' (customized with software release 2017.4) has a different revision in the IP Catalog.
Please select 'Report IP Status' from the 'Tools/Report' menu or run Tcl command 'report_ip_status' for more information.
WARNING: [IP_Flow 19-2162] IP 'rom_speed' is locked:
* IP definition 'Block Memory Generator (8.4)' for IP 'rom_speed' (customized with software release 2017.4) has a different revision in the IP Catalog.
Please select 'Report IP Status' from the 'Tools/Report' menu or run Tcl command 'report_ip_status' for more information.
open_project: Time (s): cpu = 00:00:18 ; elapsed = 00:00:18 . Memory (MB): peak = 703.594 ; gain = 117.809
update_compile_order -fileset sources_1
